<?xml version="1.0" encoding="UTF-8"?>
<testExecutions version="1">
  <file path="/Users/mac/Desktop/Work/Btig/BTIG/src/App.test.tsx">
    <testCase name="renders without crashing" duration="136"/>
  </file>
  <file path="/Users/mac/Desktop/Work/Btig/BTIG/src/__test__/Home.test.js">
    <testCase name="Home render in the dom" duration="323"/>
    <testCase name="Back Button" duration="7"/>
    <testCase name="TreeNode has Lead" duration="1"/>
  </file>
</testExecutions>